<?xml version="1.0" encoding="UTF-8" ?>
<testsuite failures="0" time="0.027" errors="0" skipped="0" tests="9" name="com.kblaney.ohl.website.WebsiteTest">
  <properties>
[...]
</properties>
  <testcase time="0.011" classname="com.kblaney.ohl.website.WebsiteTest" name="getTeams_oneTeamTwoInvocations"/>
  <testcase time="0.001" classname="com.kblaney.ohl.website.WebsiteTest" name="getTeams_threeTeamsOneInvocation"/>
  <testcase time="0" classname="com.kblaney.ohl.website.WebsiteTest" name="getPlayers_nullTeam"/>
  <testcase time="0.001" classname="com.kblaney.ohl.website.WebsiteTest" name="getPlayers_nullProgressIndicator"/>
  <testcase time="0.002" classname="com.kblaney.ohl.website.WebsiteTest" name="getPlayers_threeTeamsTeamNotFound"/>
  <testcase time="0.002" classname="com.kblaney.ohl.website.WebsiteTest" name="getPlayers_threeTeamsZeroPlayersOnTeam"/>
  <testcase time="0.003" classname="com.kblaney.ohl.website.WebsiteTest" name="getPlayers_twoTeamsOneNonActivePlayerOnTeam"/>
  <testcase time="0.002" classname="com.kblaney.ohl.website.WebsiteTest" name="getPlayers_twoTeamsOneActivePlayerOnTeam"/>
  <testcase time="0.003" classname="com.kblaney.ohl.website.WebsiteTest" name="getGoalie_twoTeamsOneGoaliePerTeam"/>
</testsuite>